<?xml version="1.0" encoding="UTF-8"?>
<testsuite xmlns:xsi="http://www.w3.org/2001/XMLSchema-instance" xsi:noNamespaceSchemaLocation="https://maven.apache.org/surefire/maven-surefire-plugin/xsd/surefire-test-report-3.0.xsd" version="3.0" name="dev.claudony.SmokeTest" time="3.674" tests="1" errors="0" skipped="0" failures="0">
  <properties>
[...]
</properties>
  <testcase name="healthEndpointResponds" classname="dev.claudony.SmokeTest" time="0.662">
    <system-out><![CDATA[2026-04-12 02:58:51,250 INFO  [dev.cla.ser.aut.WebAuthnPatcher] (main) WebAuthnPatcher: replaced NoneAttestation — Apple passkeys (non-zero AAGUID) now accepted
2026-04-12 02:58:51,274 INFO  [dev.cla.ser.ServerStartup] (main) tmux found: tmux 3.6a
2026-04-12 02:58:51,275 DEBUG [dev.cla.ser.ServerStartup] (main) Directory ready: /Users/mdproctor/.claudony
2026-04-12 02:58:51,275 DEBUG [dev.cla.ser.ServerStartup] (main) Directory ready: /Users/mdproctor/claudony-workspace
2026-04-12 02:58:51,298 INFO  [dev.cla.ser.ServerStartup] (main) Bootstrapped 0 existing session(s) from tmux
2026-04-12 02:58:51,298 INFO  [dev.cla.ser.ServerStartup] (main) Claudony Server ready — http://localhost:7777
2026-04-12 02:58:51,384 INFO  [io.quarkus] (main) claudony 1.0.0-SNAPSHOT on JVM (powered by Quarkus 3.9.5) started in 1.529s. Listening on: http://localhost:8081
2026-04-12 02:58:51,384 INFO  [io.quarkus] (main) Profile test activated. 
2026-04-12 02:58:51,384 INFO  [io.quarkus] (main) Installed features: [cdi, rest, rest-client, rest-client-jackson, rest-jackson, security, security-webauthn, smallrye-context-propagation, smallrye-health, vertx, websockets-client, websockets-next]
]]></system-out>
  </testcase>
</testsuite>